2020-01-30 22:58:53.3916|INFO|CityInfo.API.Program|Initializing application...
2020-01-30 22:58:54.8607|INFO|Microsoft.AspNetCore.DataProtection.KeyManagement.XmlKeyManager|User profile is available. Using 'C:\Users\Administrator\AppData\Local\ASP.NET\DataProtection-Keys' as key repository and Windows DPAPI to encrypt keys at rest.
2020-01-30 22:58:55.7138|INFO|Microsoft.AspNetCore.Hosting.Internal.WebHost|Request starting HTTP/1.1 DEBUG http://localhost:1028/  0
2020-01-30 22:58:55.7138|INFO|Microsoft.AspNetCore.Hosting.Internal.WebHost|Request starting HTTP/1.1 GET http://localhost:1028/  
2020-01-30 22:58:55.7918|INFO|Microsoft.AspNetCore.Hosting.Internal.WebHost|Request finished in 70.4433ms 200 
2020-01-30 22:58:55.9628|INFO|Microsoft.AspNetCore.Hosting.Internal.WebHost|Request finished in 251.8639ms 404 text/plain
2020-01-30 22:59:08.5645|INFO|Microsoft.AspNetCore.Hosting.Internal.WebHost|Request starting HTTP/1.1 GET http://localhost:1028/api/cities/10/pointsofinterest  
2020-01-30 22:59:08.6155|INFO|Microsoft.AspNetCore.Mvc.Internal.ControllerActionInvoker|Route matched with {action = "GetPointsOfInterest", controller = "PointsOfInterest"}. Executing controller action with signature Microsoft.AspNetCore.Mvc.IActionResult GetPointsOfInterest(Int32) on controller CityInfo.API.Controllers.PointsOfInterestController (CityInfo.API).
2020-01-30 22:59:08.6455|INFO|Microsoft.AspNetCore.Mvc.Internal.ControllerActionInvoker|Executing action method CityInfo.API.Controllers.PointsOfInterestController.GetPointsOfInterest (CityInfo.API) - Validation state: Valid
2020-01-30 22:59:08.6455|INFO|CityInfo.API.Controllers.PointsOfInterestController|City with id 10 wasn't found when accessing points of interest.
2020-01-30 22:59:08.6595|INFO|Microsoft.AspNetCore.Mvc.Internal.ControllerActionInvoker|Executed action method CityInfo.API.Controllers.PointsOfInterestController.GetPointsOfInterest (CityInfo.API), returned result Microsoft.AspNetCore.Mvc.NotFoundResult in 7.458ms.
2020-01-30 22:59:08.6595|INFO|Microsoft.AspNetCore.Mvc.StatusCodeResult|Executing HttpStatusCodeResult, setting HTTP status code 404
2020-01-30 22:59:08.6765|INFO|Microsoft.AspNetCore.Mvc.Internal.ControllerActionInvoker|Executed action CityInfo.API.Controllers.PointsOfInterestController.GetPointsOfInterest (CityInfo.API) in 53.9587ms
2020-01-30 22:59:08.7235|INFO|Microsoft.AspNetCore.Hosting.Internal.WebHost|Request finished in 137.1652ms 404 text/plain
2020-01-30 23:21:51.4045|INFO|CityInfo.API.Program|Initializing application...
2020-01-30 23:21:52.6205|INFO|Microsoft.AspNetCore.DataProtection.KeyManagement.XmlKeyManager|User profile is available. Using 'C:\Users\Administrator\AppData\Local\ASP.NET\DataProtection-Keys' as key repository and Windows DPAPI to encrypt keys at rest.
2020-01-30 23:21:53.2756|INFO|Microsoft.AspNetCore.Hosting.Internal.WebHost|Request starting HTTP/1.1 DEBUG http://localhost:1028/  0
2020-01-30 23:21:53.2756|INFO|Microsoft.AspNetCore.Hosting.Internal.WebHost|Request starting HTTP/1.1 GET http://localhost:1028/  
2020-01-30 23:21:53.3376|INFO|Microsoft.AspNetCore.Hosting.Internal.WebHost|Request finished in 60.5372ms 200 
2020-01-30 23:21:53.5056|INFO|Microsoft.AspNetCore.Hosting.Internal.WebHost|Request finished in 231.1394ms 404 text/plain
2020-01-30 23:22:18.9090|INFO|Microsoft.AspNetCore.Hosting.Internal.WebHost|Request starting HTTP/1.1 GET http://localhost:1028/api/cities/1/pointsofinterest/1  
2020-01-30 23:22:18.9600|INFO|Microsoft.AspNetCore.Mvc.Internal.ControllerActionInvoker|Route matched with {action = "GetPointsOfInterest", controller = "PointsOfInterest"}. Executing controller action with signature Microsoft.AspNetCore.Mvc.IActionResult GetPointsOfInterest(Int32, Int32) on controller CityInfo.API.Controllers.PointsOfInterestController (CityInfo.API).
2020-01-30 23:22:19.3271|INFO|Microsoft.AspNetCore.Mvc.Internal.ControllerActionInvoker|Executing action method CityInfo.API.Controllers.PointsOfInterestController.GetPointsOfInterest (CityInfo.API) - Validation state: Valid
2020-01-30 23:22:19.3271|INFO|Microsoft.AspNetCore.Mvc.Internal.ControllerActionInvoker|Executed action method CityInfo.API.Controllers.PointsOfInterestController.GetPointsOfInterest (CityInfo.API), returned result Microsoft.AspNetCore.Mvc.OkObjectResult in 3.2846ms.
2020-01-30 23:22:19.3451|INFO|Microsoft.AspNetCore.Mvc.Infrastructure.ObjectResultExecutor|Executing ObjectResult, writing value of type 'CityInfo.API.Models.PointOfInterestDto'.
2020-01-30 23:22:19.8301|INFO|Microsoft.AspNetCore.Mvc.Internal.ControllerActionInvoker|Executed action CityInfo.API.Controllers.PointsOfInterestController.GetPointsOfInterest (CityInfo.API) in 541.293ms
2020-01-30 23:22:19.8301|INFO|Microsoft.AspNetCore.Hosting.Internal.WebHost|Request finished in 927.2256ms 200 application/json; charset=utf-8
2020-01-30 23:22:43.1254|INFO|Microsoft.AspNetCore.Hosting.Internal.WebHost|Request starting HTTP/1.1 DELETE http://localhost:1028/api/cities/1/pointsofinterest/1  0
2020-01-30 23:22:43.1434|INFO|Microsoft.AspNetCore.Mvc.Internal.ControllerActionInvoker|Route matched with {action = "DeletePointOfInterest", controller = "PointsOfInterest"}. Executing controller action with signature Microsoft.AspNetCore.Mvc.IActionResult DeletePointOfInterest(Int32, Int32) on controller CityInfo.API.Controllers.PointsOfInterestController (CityInfo.API).
2020-01-30 23:22:44.0415|INFO|Microsoft.AspNetCore.Mvc.Internal.ControllerActionInvoker|Executing action method CityInfo.API.Controllers.PointsOfInterestController.DeletePointOfInterest (CityInfo.API) - Validation state: Valid
2020-01-30 23:22:44.0645|INFO|Microsoft.AspNetCore.Mvc.Internal.ControllerActionInvoker|Executed action method CityInfo.API.Controllers.PointsOfInterestController.DeletePointOfInterest (CityInfo.API), returned result Microsoft.AspNetCore.Mvc.NoContentResult in 18.8563ms.
2020-01-30 23:22:44.0705|INFO|Microsoft.AspNetCore.Mvc.StatusCodeResult|Executing HttpStatusCodeResult, setting HTTP status code 204
2020-01-30 23:22:44.0705|INFO|Microsoft.AspNetCore.Mvc.Internal.ControllerActionInvoker|Executed action CityInfo.API.Controllers.PointsOfInterestController.DeletePointOfInterest (CityInfo.API) in 37.6655ms
2020-01-30 23:22:44.0705|INFO|Microsoft.AspNetCore.Hosting.Internal.WebHost|Request finished in 956.1366ms 204 
